<?xml version="1.0" encoding="UTF-8"?>
<!-- Generated by org.testng.reporters.JUnitReportReporter -->
<testsuite hostname="LAPTOP-K1OJI7SN" name="com.inetbankingt_cases.testCases.TC_LoginTest_001" tests="1" failures="0" timestamp="30 Dec 2020 09:14:40 GMT" time="2.214" errors="0">
  <testcase name="logintest" time="2.214" classname="com.inetbankingt_cases.testCases.TC_LoginTest_001"/>
</testsuite> <!-- com.inetbankingt_cases.testCases.TC_LoginTest_001 -->
