<?xml version="1.0" encoding="UTF-8"?>
<!-- Generated by org.testng.reporters.JUnitReportReporter -->
<testsuite hostname="LAPTOP-K1OJI7SN" name="com.inetbankingt_cases.testCases.TC_New_Customer_002" tests="1" failures="0" timestamp="30 Dec 2020 09:14:40 GMT" time="13.417" errors="0">
  <testcase name="AddNewCustomer" time="13.417" classname="com.inetbankingt_cases.testCases.TC_New_Customer_002"/>
</testsuite> <!-- com.inetbankingt_cases.testCases.TC_New_Customer_002 -->
