<?xml version="1.0" encoding="UTF-8"?>
<!-- Generated by org.testng.reporters.JUnitReportReporter -->
<testsuite skipped="0" hostname="LAPTOP-K1OJI7SN" name="com.inetbankingt_cases.testCases.TC_New_Customer_002" tests="1" failures="0" timestamp="01 Jan 2021 09:22:39 GMT" time="12.165" errors="0">
  <testcase name="AddNewCustomer" time="12.165" classname="com.inetbankingt_cases.testCases.TC_New_Customer_002"/>
</testsuite> <!-- com.inetbankingt_cases.testCases.TC_New_Customer_002 -->
