<?xml version="1.0" encoding="UTF-8"?>
<!-- Generated by org.testng.reporters.JUnitReportReporter -->
<testsuite skipped="0" hostname="LAPTOP-K1OJI7SN" name="com.inetbankingt_cases.testCases.TC_LoginTest_001" tests="1" failures="0" timestamp="01 Jan 2021 09:22:39 GMT" time="1.655" errors="0">
  <testcase name="logintest" time="1.655" classname="com.inetbankingt_cases.testCases.TC_LoginTest_001"/>
</testsuite> <!-- com.inetbankingt_cases.testCases.TC_LoginTest_001 -->
